<?xml version="1.0" encoding="UTF-8"?>
<!-- Generated by org.testng.reporters.JUnitReportReporter -->
<testsuite hostname="DESKTOP-7M5SQS4" failures="0" tests="1" name="com.testing.annotation.ExceptionTestExample" time="0.012" errors="0" timestamp="2021-10-20T18:44:03 IST" skipped="0">
  <testcase classname="com.testing.annotation.ExceptionTestExample" name="test" time="0.012"/>
  <system-out/>
</testsuite> <!-- com.testing.annotation.ExceptionTestExample -->
