<?xml version="1.0" encoding="UTF-8"?>
<!-- Generated by org.testng.reporters.JUnitReportReporter -->
<testsuite hostname="DESKTOP-7M5SQS4" failures="0" tests="3" name="com.testing.annotation.Testing" time="0.016" errors="0" timestamp="2021-10-19T18:10:00 IST" skipped="0">
  <testcase classname="com.testing.annotation.Testing" name="searchLaptop" time="0.001"/>
  <system-out/>
  <testcase classname="com.testing.annotation.Testing" name="searchBag" time="0.012"/>
  <system-out/>
  <testcase classname="com.testing.annotation.Testing" name="searchMobile" time="0.003"/>
  <system-out/>
</testsuite> <!-- com.testing.annotation.Testing -->
