<?xml version="1.0" encoding="UTF-8"?>
<!-- Generated by org.testng.reporters.JUnitReportReporter -->
<testsuite hostname="DESKTOP-7M5SQS4" failures="0" tests="5" name="com.testing.annotation.PriorityTestExample" time="0.021" errors="0" timestamp="2021-10-20T18:37:51 IST" skipped="0">
  <testcase classname="com.testing.annotation.PriorityTestExample" name="searchlaptop" time="0.012"/>
  <system-out/>
  <testcase classname="com.testing.annotation.PriorityTestExample" name="searchWatch" time="0.002"/>
  <system-out/>
  <testcase classname="com.testing.annotation.PriorityTestExample" name="searchShoe" time="0.002"/>
  <system-out/>
  <testcase classname="com.testing.annotation.PriorityTestExample" name="searchMobile" time="0.003"/>
  <system-out/>
  <testcase classname="com.testing.annotation.PriorityTestExample" name="searchTv" time="0.002"/>
  <system-out/>
</testsuite> <!-- com.testing.annotation.PriorityTestExample -->
