<?xml version="1.0" encoding="UTF-8"?>
<!-- Generated by org.testng.reporters.JUnitReportReporter -->
<testsuite hostname="DESKTOP-7M5SQS4" failures="0" tests="9" name="com.testing.annotation.InvocationTestExample" time="0.029" errors="0" timestamp="2021-10-20T18:39:52 IST" skipped="0">
  <testcase classname="com.testing.annotation.InvocationTestExample" name="searchMobile" time="0.002"/>
  <system-out/>
  <testcase classname="com.testing.annotation.InvocationTestExample" name="searchWatch" time="0.001"/>
  <system-out/>
  <testcase classname="com.testing.annotation.InvocationTestExample" name="searchMobile" time="0.002"/>
  <system-out/>
  <testcase classname="com.testing.annotation.InvocationTestExample" name="searchShoe" time="0.004"/>
  <system-out/>
  <testcase classname="com.testing.annotation.InvocationTestExample" name="searchTv" time="0.001"/>
  <system-out/>
  <testcase classname="com.testing.annotation.InvocationTestExample" name="searchMobile" time="0.002"/>
  <system-out/>
  <testcase classname="com.testing.annotation.InvocationTestExample" name="searchlaptop" time="0.004"/>
  <system-out/>
  <testcase classname="com.testing.annotation.InvocationTestExample" name="searchMobile" time="0.012"/>
  <system-out/>
  <testcase classname="com.testing.annotation.InvocationTestExample" name="searchMobile" time="0.001"/>
  <system-out/>
</testsuite> <!-- com.testing.annotation.InvocationTestExample -->
