<?xml version="1.0" encoding="UTF-8"?>
<!-- Generated by org.testng.reporters.JUnitReportReporter -->
<testsuite hostname="DESKTOP-7M5SQS4" failures="0" tests="3" name="com.testing.annotation.DataProviderTest" time="0.013" errors="0" timestamp="2021-10-28T20:11:03 IST" skipped="0">
  <testcase classname="com.testing.annotation.DataProviderTest" name="logIn" time="0.002"/>
  <system-out/>
  <testcase classname="com.testing.annotation.DataProviderTest" name="logIn" time="0.002"/>
  <system-out/>
  <testcase classname="com.testing.annotation.DataProviderTest" name="logIn" time="0.009"/>
  <system-out/>
</testsuite> <!-- com.testing.annotation.DataProviderTest -->
