<?xml version="1.0" encoding="UTF-8"?>
<!-- Generated by org.testng.reporters.JUnitReportReporter -->
<testsuite hostname="DESKTOP-7M5SQS4" failures="0" tests="4" name="com.testing.annotation.IgnoreTest1" time="0.015" errors="0" timestamp="2021-10-20T18:34:05 IST" skipped="1">
  <testcase classname="com.testing.annotation.IgnoreTest1" name="searchShoe" time="0.011"/>
  <system-out/>
  <testcase classname="com.testing.annotation.IgnoreTest1" name="searchTv" time="0.002"/>
  <system-out/>
  <testcase classname="com.testing.annotation.IgnoreTest1" name="searchlaptop" time="0.002"/>
  <system-out/>
  <testcase classname="com.testing.annotation.IgnoreTest1" name="searchWatch">
    <skipped/>
  </testcase> <!-- searchWatch -->
  <system-out/>
</testsuite> <!-- com.testing.annotation.IgnoreTest1 -->
