<?xml version="1.0" encoding="UTF-8"?>
<!-- Generated by org.testng.reporters.JUnitReportReporter -->
<testsuite hostname="DESKTOP-7M5SQS4" failures="0" tests="4" name="com.testing.annotation.IgnoreTestExample" time="0.016" errors="0" timestamp="2021-11-01T14:03:44 IST" skipped="1">
  <testcase classname="com.testing.annotation.IgnoreTestExample" name="searchlaptop" time="0.001"/>
  <system-out/>
  <testcase classname="com.testing.annotation.IgnoreTestExample" name="searchTv" time="0.002"/>
  <system-out/>
  <testcase classname="com.testing.annotation.IgnoreTestExample" name="searchShoe" time="0.013"/>
  <system-out/>
  <testcase classname="com.testing.annotation.IgnoreTestExample" name="searchWatch">
    <skipped/>
  </testcase> <!-- searchWatch -->
  <system-out/>
</testsuite> <!-- com.testing.annotation.IgnoreTestExample -->
