<?xml version="1.0" encoding="UTF-8"?>
<!-- Generated by org.testng.reporters.JUnitReportReporter -->
<testsuite hostname="DESKTOP-7M5SQS4" failures="0" tests="5" name="com.testing.annotation.GroupingTestExmaple" time="0.022" errors="0" timestamp="2021-10-20T18:53:17 IST" skipped="0">
  <testcase classname="com.testing.annotation.GroupingTestExmaple" name="searchlaptop" time="0.006"/>
  <system-out/>
  <testcase classname="com.testing.annotation.GroupingTestExmaple" name="searchMobile" time="0.011"/>
  <system-out/>
  <testcase classname="com.testing.annotation.GroupingTestExmaple" name="searchWatch" time="0.001"/>
  <system-out/>
  <testcase classname="com.testing.annotation.GroupingTestExmaple" name="searchShoe" time="0.002"/>
  <system-out/>
  <testcase classname="com.testing.annotation.GroupingTestExmaple" name="searchTv" time="0.002"/>
  <system-out/>
</testsuite> <!-- com.testing.annotation.GroupingTestExmaple -->
